 ax =  -2.0
 ay =  -1.306
 az =  0.68
 gx =  2.541
 gy =  -2.892
 gz =  -1.541
 
 ax =  -2.0
 ay =  -1.305
 az =  0.676
 gx =  2.556
 gy =  -2.861
 gz =  -1.457
 
 ax =  -2.0
 ay =  -1.307
 az =  0.677
 gx =  2.51
 gy =  -2.861
 gz =  -1.472
 
 ax =  -2.0
 ay =  -1.304
 az =  0.671
 gx =  2.525
 gy =  -2.808
 gz =  -1.495
 
 ax =  -2.0
 ay =  -1.306
 az =  0.675
 gx =  2.518
 gy =  -2.907
 gz =  -1.488
 
 ax =  -2.0
 ay =  -1.309
 az =  0.677
 gx =  2.48
 gy =  -2.884
 gz =  -1.511
 
 ax =  -2.0
 ay =  -1.305
 az =  0.676
 gx =  2.518
 gy =  -2.808
 gz =  -1.457
 
 ax =  -2.0
 ay =  -1.305
 az =  0.675
 gx =  2.571
 gy =  -2.975
 gz =  -1.663
 
 ax =  -2.0
 ay =  -1.306
 az =  0.678
 gx =  2.502
 gy =  -2.914
 gz =  -1.472
 
 ax =  -2.0
 ay =  -1.305
 az =  0.677
 gx =  2.541
 gy =  -2.853
 gz =  -1.48
 
 ax =  -2.0
 ay =  -1.304
 az =  0.679
 gx =  2.464
 gy =  -2.853
 gz =  -1.518
 
 ax =  -2.0
 ay =  -1.303
 az =  0.679
 gx =  2.48
 gy =  -2.922
 gz =  -1.526
 
 ax =  -2.0
 ay =  -1.305
 az =  0.676
 gx =  2.495
 gy =  -2.907
 gz =  -1.511
 
 ax =  -2.0
 ay =  -1.304
 az =  0.676
 gx =  2.525
 gy =  -2.861
 gz =  -1.617
 
 ax =  -2.0
 ay =  -1.306
 az =  0.676
 gx =  2.533
 gy =  -2.853
 gz =  -1.472
 
 ax =  -2.0
 ay =  -1.306
 az =  0.691
 gx =  2.357
 gy =  -2.945
 gz =  -1.549
 
 ax =  -2.0
 ay =  -1.306
 az =  0.673
 gx =  2.541
 gy =  -2.914
 gz =  -1.534
 
 ax =  -2.0
 ay =  -1.306
 az =  0.675
 gx =  2.563
 gy =  -2.808
 gz =  -1.579
 
 ax =  -2.0
 ay =  -1.303
 az =  0.679
 gx =  2.487
 gy =  -2.8
 gz =  -1.434
 
 ax =  -2.0
 ay =  -1.306
 az =  0.676
 gx =  2.319
 gy =  -2.853
 gz =  -1.549
 
 ax =  -2.0
 ay =  -1.306
 az =  0.688
 gx =  2.357
 gy =  -2.876
 gz =  -1.518
 
